InnoDB: using atomic writes.
2020-01-04  9:33:53 0 [Note] InnoDB: Mutexes and rw_locks use Windows interlocked functions
2020-01-04  9:33:53 0 [Note] InnoDB: Uses event mutexes
2020-01-04  9:33:53 0 [Note] InnoDB: Compressed tables use zlib 1.2.11
2020-01-04  9:33:53 0 [Note] InnoDB: Number of pools: 1
2020-01-04  9:33:53 0 [Note] InnoDB: Using SSE2 crc32 instructions
2020-01-04  9:33:53 0 [Note] InnoDB: Initializing buffer pool, total size = 16M, instances = 1, chunk size = 16M
2020-01-04  9:33:53 0 [Note] InnoDB: Completed initialization of buffer pool
2020-01-04  9:33:53 0 [Note] InnoDB: Starting crash recovery from checkpoint LSN=300288
2020-01-04  9:33:55 0 [Note] InnoDB: 128 out of 128 rollback segments are active.
2020-01-04  9:33:55 0 [Note] InnoDB: Removed temporary tablespace data file: "ibtmp1"
2020-01-04  9:33:55 0 [Note] InnoDB: Creating shared tablespace for temporary tables
2020-01-04  9:33:55 0 [Note] InnoDB: Setting file 'C:\xampp\mysql\data\ibtmp1' size to 12 MB. Physically writing the file full; Please wait ...
2020-01-04  9:33:55 0 [Note] InnoDB: File 'C:\xampp\mysql\data\ibtmp1' size is now 12 MB.
2020-01-04  9:33:55 0 [Note] InnoDB: Waiting for purge to start
2020-01-04  9:33:55 0 [Note] InnoDB: 10.4.11 started; log sequence number 300297; transaction id 171
2020-01-04  9:33:55 0 [Note] InnoDB: Loading buffer pool(s) from C:\xampp\mysql\data\ib_buffer_pool
2020-01-04  9:33:55 0 [Note] Plugin 'FEEDBACK' is disabled.
2020-01-04  9:33:55 0 [Note] InnoDB: Buffer pool(s) load completed at 200104  9:33:55
2020-01-04  9:33:55 0 [Note] Server socket created on IP: '::'.
2020-01-04  9:33:55 0 [ERROR] Can't start server: Bind on TCP/IP port. Got error: 10048: Only one usage of each socket address (protocol/network address/port) is normally permitted.

2020-01-04  9:33:55 0 [ERROR] Do you already have another mysqld server running on port: 3306 ?
2020-01-04  9:33:55 0 [ERROR] Aborting
InnoDB: using atomic writes.
2020-01-04 10:12:27 0 [Note] InnoDB: Mutexes and rw_locks use Windows interlocked functions
2020-01-04 10:12:27 0 [Note] InnoDB: Uses event mutexes
2020-01-04 10:12:27 0 [Note] InnoDB: Compressed tables use zlib 1.2.11
2020-01-04 10:12:27 0 [Note] InnoDB: Number of pools: 1
2020-01-04 10:12:27 0 [Note] InnoDB: Using SSE2 crc32 instructions
2020-01-04 10:12:27 0 [Note] InnoDB: Initializing buffer pool, total size = 16M, instances = 1, chunk size = 16M
2020-01-04 10:12:27 0 [Note] InnoDB: Completed initialization of buffer pool
2020-01-04 10:12:29 0 [Note] InnoDB: 128 out of 128 rollback segments are active.
2020-01-04 10:12:29 0 [Note] InnoDB: Creating shared tablespace for temporary tables
2020-01-04 10:12:29 0 [Note] InnoDB: Setting file 'C:\xampp\mysql\data\ibtmp1' size to 12 MB. Physically writing the file full; Please wait ...
2020-01-04 10:12:29 0 [Note] InnoDB: File 'C:\xampp\mysql\data\ibtmp1' size is now 12 MB.
2020-01-04 10:12:29 0 [Note] InnoDB: Waiting for purge to start
2020-01-04 10:12:29 0 [Note] InnoDB: Waiting for purge to start
2020-01-04 10:12:29 0 [Note] InnoDB: 10.4.11 started; log sequence number 300306; transaction id 171
2020-01-04 10:12:29 0 [Note] InnoDB: Loading buffer pool(s) from C:\xampp\mysql\data\ib_buffer_pool
2020-01-04 10:12:29 0 [Note] InnoDB: Buffer pool(s) load completed at 200104 10:12:29
2020-01-04 10:12:29 0 [Note] Plugin 'FEEDBACK' is disabled.
2020-01-04 10:12:30 0 [Note] Server socket created on IP: '::'.
2020-01-04 10:12:31 0 [Note] Reading of all Master_info entries succeeded
2020-01-04 10:12:31 0 [Note] Added new Master_info '' to hash table
2020-01-04 10:12:31 0 [Note] C:\xampp\mysql\bin\mysqld.exe: ready for connections.
Version: '10.4.11-MariaDB'  socket: ''  port: 3306  mariadb.org binary distribution
2020-01-04 10:50:06 0 [Note] C:\xampp\mysql\bin\mysqld.exe (initiated by: unknown): Normal shutdown
2020-01-04 10:50:06 0 [Note] InnoDB: FTS optimize thread exiting.
2020-01-04 10:50:06 0 [Note] Event Scheduler: Purging the queue. 0 events
2020-01-04 10:50:06 0 [Note] InnoDB: Starting shutdown...
2020-01-04 10:50:06 0 [Note] InnoDB: Dumping buffer pool(s) to C:\xampp\mysql\data\ib_buffer_pool
2020-01-04 10:50:06 0 [Note] InnoDB: Instance 0, restricted to 250 pages due to innodb_buf_pool_dump_pct=25
2020-01-04 10:50:06 0 [Note] InnoDB: Buffer pool(s) dump completed at 200104 10:50:06
2020-01-04 10:50:07 0 [Note] InnoDB: Shutdown completed; log sequence number 308120; transaction id 204
2020-01-04 10:50:07 0 [Note] InnoDB: Removed temporary tablespace data file: "ibtmp1"
2020-01-04 10:50:07 0 [Note] C:\xampp\mysql\bin\mysqld.exe: Shutdown complete

InnoDB: using atomic writes.
2020-01-04 10:50:26 0 [Note] InnoDB: Mutexes and rw_locks use Windows interlocked functions
2020-01-04 10:50:26 0 [Note] InnoDB: Uses event mutexes
2020-01-04 10:50:26 0 [Note] InnoDB: Compressed tables use zlib 1.2.11
2020-01-04 10:50:26 0 [Note] InnoDB: Number of pools: 1
2020-01-04 10:50:26 0 [Note] InnoDB: Using SSE2 crc32 instructions
2020-01-04 10:50:26 0 [Note] InnoDB: Initializing buffer pool, total size = 16M, instances = 1, chunk size = 16M
2020-01-04 10:50:26 0 [Note] InnoDB: Completed initialization of buffer pool
2020-01-04 10:50:27 0 [Note] InnoDB: 128 out of 128 rollback segments are active.
2020-01-04 10:50:27 0 [Note] InnoDB: Creating shared tablespace for temporary tables
2020-01-04 10:50:27 0 [Note] InnoDB: Setting file 'C:\xampp\mysql\data\ibtmp1' size to 12 MB. Physically writing the file full; Please wait ...
2020-01-04 10:50:27 0 [Note] InnoDB: File 'C:\xampp\mysql\data\ibtmp1' size is now 12 MB.
2020-01-04 10:50:27 0 [Note] InnoDB: 10.4.11 started; log sequence number 308120; transaction id 206
2020-01-04 10:50:27 0 [Note] InnoDB: Loading buffer pool(s) from C:\xampp\mysql\data\ib_buffer_pool
2020-01-04 10:50:27 0 [Note] Plugin 'FEEDBACK' is disabled.
2020-01-04 10:50:27 0 [Note] Server socket created on IP: '::'.
2020-01-04 10:50:28 0 [Note] Reading of all Master_info entries succeeded
2020-01-04 10:50:28 0 [Note] Added new Master_info '' to hash table
2020-01-04 10:50:28 0 [Note] C:\xampp\mysql\bin\mysqld.exe: ready for connections.
Version: '10.4.11-MariaDB'  socket: ''  port: 3306  mariadb.org binary distribution
2020-01-04 10:50:28 0 [Note] InnoDB: Buffer pool(s) load completed at 200104 10:50:28
2020-01-04 10:55:37 0 [Note] C:\xampp\mysql\bin\mysqld.exe (initiated by: unknown): Normal shutdown
2020-01-04 10:55:37 0 [Note] Event Scheduler: Purging the queue. 0 events
2020-01-04 10:55:37 0 [Note] InnoDB: FTS optimize thread exiting.
2020-01-04 10:55:37 0 [Note] InnoDB: Starting shutdown...
2020-01-04 10:55:37 0 [Note] InnoDB: Dumping buffer pool(s) to C:\xampp\mysql\data\ib_buffer_pool
2020-01-04 10:55:37 0 [Note] InnoDB: Instance 0, restricted to 250 pages due to innodb_buf_pool_dump_pct=25
2020-01-04 10:55:37 0 [Note] InnoDB: Buffer pool(s) dump completed at 200104 10:55:37
2020-01-04 10:55:39 0 [Note] InnoDB: Shutdown completed; log sequence number 308446; transaction id 229
2020-01-04 10:55:39 0 [Note] InnoDB: Removed temporary tablespace data file: "ibtmp1"
2020-01-04 10:55:39 0 [Note] C:\xampp\mysql\bin\mysqld.exe: Shutdown complete

InnoDB: using atomic writes.
2020-01-04 10:55:45 0 [Note] InnoDB: Mutexes and rw_locks use Windows interlocked functions
2020-01-04 10:55:45 0 [Note] InnoDB: Uses event mutexes
2020-01-04 10:55:45 0 [Note] InnoDB: Compressed tables use zlib 1.2.11
2020-01-04 10:55:45 0 [Note] InnoDB: Number of pools: 1
2020-01-04 10:55:45 0 [Note] InnoDB: Using SSE2 crc32 instructions
2020-01-04 10:55:45 0 [Note] InnoDB: Initializing buffer pool, total size = 16M, instances = 1, chunk size = 16M
2020-01-04 10:55:45 0 [Note] InnoDB: Completed initialization of buffer pool
2020-01-04 10:55:46 0 [Note] InnoDB: 128 out of 128 rollback segments are active.
2020-01-04 10:55:46 0 [Note] InnoDB: Creating shared tablespace for temporary tables
2020-01-04 10:55:46 0 [Note] InnoDB: Setting file 'C:\xampp\mysql\data\ibtmp1' size to 12 MB. Physically writing the file full; Please wait ...
2020-01-04 10:55:46 0 [Note] InnoDB: File 'C:\xampp\mysql\data\ibtmp1' size is now 12 MB.
2020-01-04 10:55:46 0 [Note] InnoDB: 10.4.11 started; log sequence number 308446; transaction id 230
2020-01-04 10:55:46 0 [Note] InnoDB: Loading buffer pool(s) from C:\xampp\mysql\data\ib_buffer_pool
2020-01-04 10:55:46 0 [Note] Plugin 'FEEDBACK' is disabled.
2020-01-04 10:55:46 0 [Note] Server socket created on IP: '::'.
2020-01-04 10:55:46 0 [Note] Reading of all Master_info entries succeeded
2020-01-04 10:55:46 0 [Note] Added new Master_info '' to hash table
2020-01-04 10:55:46 0 [Note] C:\xampp\mysql\bin\mysqld.exe: ready for connections.
Version: '10.4.11-MariaDB'  socket: ''  port: 3306  mariadb.org binary distribution
2020-01-04 10:55:46 0 [Note] InnoDB: Buffer pool(s) load completed at 200104 10:55:46
2020-01-04 13:49:04 0 [Note] C:\xampp\mysql\bin\mysqld.exe (initiated by: unknown): Normal shutdown
2020-01-04 13:49:05 0 [Note] Event Scheduler: Purging the queue. 0 events
2020-01-04 13:49:05 0 [Note] InnoDB: FTS optimize thread exiting.
2020-01-04 13:49:06 0 [Note] InnoDB: Starting shutdown...
2020-01-04 13:49:06 0 [Note] InnoDB: Dumping buffer pool(s) to C:\xampp\mysql\data\ib_buffer_pool
2020-01-04 13:49:06 0 [Note] InnoDB: Instance 0, restricted to 250 pages due to innodb_buf_pool_dump_pct=25
2020-01-04 13:49:06 0 [Note] InnoDB: Buffer pool(s) dump completed at 200104 13:49:06
2020-01-04 13:49:08 0 [Note] InnoDB: Shutdown completed; log sequence number 325776; transaction id 256
2020-01-04 13:49:08 0 [Note] InnoDB: Removed temporary tablespace data file: "ibtmp1"
2020-01-04 13:49:09 0 [Note] C:\xampp\mysql\bin\mysqld.exe: Shutdown complete

InnoDB: using atomic writes.
2020-01-04 13:59:39 0 [Note] InnoDB: Mutexes and rw_locks use Windows interlocked functions
2020-01-04 13:59:39 0 [Note] InnoDB: Uses event mutexes
2020-01-04 13:59:39 0 [Note] InnoDB: Compressed tables use zlib 1.2.11
2020-01-04 13:59:39 0 [Note] InnoDB: Number of pools: 1
2020-01-04 13:59:39 0 [Note] InnoDB: Using SSE2 crc32 instructions
2020-01-04 13:59:39 0 [Note] InnoDB: Initializing buffer pool, total size = 16M, instances = 1, chunk size = 16M
2020-01-04 13:59:39 0 [Note] InnoDB: Completed initialization of buffer pool
2020-01-04 13:59:40 0 [Note] InnoDB: 128 out of 128 rollback segments are active.
2020-01-04 13:59:40 0 [Note] InnoDB: Creating shared tablespace for temporary tables
2020-01-04 13:59:40 0 [Note] InnoDB: Setting file 'C:\xampp\mysql\data\ibtmp1' size to 12 MB. Physically writing the file full; Please wait ...
2020-01-04 13:59:40 0 [Note] InnoDB: File 'C:\xampp\mysql\data\ibtmp1' size is now 12 MB.
2020-01-04 13:59:40 0 [Note] InnoDB: 10.4.11 started; log sequence number 325776; transaction id 257
2020-01-04 13:59:40 0 [Note] InnoDB: Loading buffer pool(s) from C:\xampp\mysql\data\ib_buffer_pool
2020-01-04 13:59:40 0 [Note] Plugin 'FEEDBACK' is disabled.
2020-01-04 13:59:41 0 [Note] Server socket created on IP: '::'.
2020-01-04 13:59:41 0 [Note] InnoDB: Buffer pool(s) load completed at 200104 13:59:41
2020-01-04 13:59:41 0 [Note] Reading of all Master_info entries succeeded
2020-01-04 13:59:41 0 [Note] Added new Master_info '' to hash table
2020-01-04 13:59:41 0 [Note] C:\xampp\mysql\bin\mysqld.exe: ready for connections.
Version: '10.4.11-MariaDB'  socket: ''  port: 3306  mariadb.org binary distribution
InnoDB: using atomic writes.
2020-01-04 14:47:18 0 [Note] InnoDB: Mutexes and rw_locks use Windows interlocked functions
2020-01-04 14:47:18 0 [Note] InnoDB: Uses event mutexes
2020-01-04 14:47:18 0 [Note] InnoDB: Compressed tables use zlib 1.2.11
2020-01-04 14:47:18 0 [Note] InnoDB: Number of pools: 1
2020-01-04 14:47:18 0 [Note] InnoDB: Using SSE2 crc32 instructions
2020-01-04 14:47:19 0 [Note] InnoDB: Initializing buffer pool, total size = 16M, instances = 1, chunk size = 16M
2020-01-04 14:47:19 0 [Note] InnoDB: Completed initialization of buffer pool
2020-01-04 14:47:22 0 [Note] InnoDB: Starting crash recovery from checkpoint LSN=326077
2020-01-04 14:47:33 0 [Note] InnoDB: 128 out of 128 rollback segments are active.
2020-01-04 14:47:34 0 [Note] InnoDB: Removed temporary tablespace data file: "ibtmp1"
2020-01-04 14:47:34 0 [Note] InnoDB: Creating shared tablespace for temporary tables
2020-01-04 14:47:34 0 [Note] InnoDB: Setting file 'C:\xampp\mysql\data\ibtmp1' size to 12 MB. Physically writing the file full; Please wait ...
2020-01-04 14:47:34 0 [Note] InnoDB: File 'C:\xampp\mysql\data\ibtmp1' size is now 12 MB.
2020-01-04 14:47:34 0 [Note] InnoDB: Waiting for purge to start
2020-01-04 14:47:34 0 [Note] InnoDB: Waiting for purge to start
2020-01-04 14:47:34 0 [Note] InnoDB: Waiting for purge to start
2020-01-04 14:47:34 0 [Note] InnoDB: Waiting for purge to start
2020-01-04 14:47:34 0 [Note] InnoDB: Waiting for purge to start
2020-01-04 14:47:34 0 [Note] InnoDB: Waiting for purge to start
2020-01-04 14:47:34 0 [Note] InnoDB: 10.4.11 started; log sequence number 326086; transaction id 282
2020-01-04 14:47:34 0 [Note] Plugin 'FEEDBACK' is disabled.
2020-01-04 14:47:34 0 [Note] InnoDB: Loading buffer pool(s) from C:\xampp\mysql\data\ib_buffer_pool
2020-01-04 14:47:37 0 [Note] InnoDB: Buffer pool(s) load completed at 200104 14:47:37
2020-01-04 14:47:38 0 [Note] Server socket created on IP: '::'.
2020-01-04 14:47:43 0 [Note] Reading of all Master_info entries succeeded
2020-01-04 14:47:43 0 [Note] Added new Master_info '' to hash table
2020-01-04 14:47:43 0 [Note] C:\xampp\mysql\bin\mysqld.exe: ready for connections.
Version: '10.4.11-MariaDB'  socket: ''  port: 3306  mariadb.org binary distribution
InnoDB: using atomic writes.
2020-01-04 14:56:33 0 [ERROR] InnoDB: The innodb_system data file 'ibdata1' must be writable
2020-01-04 14:56:33 0 [ERROR] InnoDB: The innodb_system data file 'ibdata1' must be writable
2020-01-04 14:56:33 0 [ERROR] Plugin 'InnoDB' init function returned error.
2020-01-04 14:56:33 0 [ERROR] Plugin 'InnoDB' registration as a STORAGE ENGINE failed.
2020-01-04 14:56:33 0 [Note] Plugin 'FEEDBACK' is disabled.
2020-01-04 14:56:33 0 [ERROR] Unknown/unsupported storage engine: InnoDB
2020-01-04 14:56:33 0 [ERROR] Aborting
2020-01-04 14:59:22 0 [Note] C:\xampp\mysql\bin\mysqld.exe (initiated by: unknown): Normal shutdown
2020-01-04 14:59:22 0 [Note] Event Scheduler: Purging the queue. 0 events
2020-01-04 14:59:22 0 [Note] InnoDB: FTS optimize thread exiting.
2020-01-04 14:59:22 0 [Note] InnoDB: Starting shutdown...
2020-01-04 14:59:22 0 [Note] InnoDB: Dumping buffer pool(s) to C:\xampp\mysql\data\ib_buffer_pool
2020-01-04 14:59:22 0 [Note] InnoDB: Instance 0, restricted to 250 pages due to innodb_buf_pool_dump_pct=25
2020-01-04 14:59:22 0 [Note] InnoDB: Buffer pool(s) dump completed at 200104 14:59:22
2020-01-04 14:59:24 0 [Note] InnoDB: Shutdown completed; log sequence number 326104; transaction id 283
2020-01-04 14:59:24 0 [Note] InnoDB: Removed temporary tablespace data file: "ibtmp1"
2020-01-04 14:59:24 0 [Note] C:\xampp\mysql\bin\mysqld.exe: Shutdown complete

InnoDB: using atomic writes.
2020-01-04 14:59:48 0 [Note] InnoDB: Mutexes and rw_locks use Windows interlocked functions
2020-01-04 14:59:48 0 [Note] InnoDB: Uses event mutexes
2020-01-04 14:59:48 0 [Note] InnoDB: Compressed tables use zlib 1.2.11
2020-01-04 14:59:48 0 [Note] InnoDB: Number of pools: 1
2020-01-04 14:59:48 0 [Note] InnoDB: Using SSE2 crc32 instructions
2020-01-04 14:59:48 0 [Note] InnoDB: Initializing buffer pool, total size = 16M, instances = 1, chunk size = 16M
2020-01-04 14:59:48 0 [Note] InnoDB: Completed initialization of buffer pool
2020-01-04 14:59:51 0 [Note] InnoDB: 128 out of 128 rollback segments are active.
2020-01-04 14:59:51 0 [Note] InnoDB: Creating shared tablespace for temporary tables
2020-01-04 14:59:51 0 [Note] InnoDB: Setting file 'C:\xampp\mysql\data\ibtmp1' size to 12 MB. Physically writing the file full; Please wait ...
2020-01-04 14:59:51 0 [Note] InnoDB: File 'C:\xampp\mysql\data\ibtmp1' size is now 12 MB.
2020-01-04 14:59:51 0 [Note] InnoDB: Waiting for purge to start
2020-01-04 14:59:51 0 [Note] InnoDB: 10.4.11 started; log sequence number 326104; transaction id 282
2020-01-04 14:59:51 0 [Note] InnoDB: Loading buffer pool(s) from C:\xampp\mysql\data\ib_buffer_pool
2020-01-04 14:59:51 0 [Note] Plugin 'FEEDBACK' is disabled.
2020-01-04 14:59:51 0 [Note] Server socket created on IP: '::'.
2020-01-04 14:59:51 0 [Note] InnoDB: Buffer pool(s) load completed at 200104 14:59:51
2020-01-04 14:59:51 0 [Note] Reading of all Master_info entries succeeded
2020-01-04 14:59:51 0 [Note] Added new Master_info '' to hash table
2020-01-04 14:59:51 0 [Note] C:\xampp\mysql\bin\mysqld.exe: ready for connections.
Version: '10.4.11-MariaDB'  socket: ''  port: 3306  mariadb.org binary distribution
2020-01-04 15:02:49 0 [Note] C:\xampp\mysql\bin\mysqld.exe (initiated by: unknown): Normal shutdown
2020-01-04 15:02:49 0 [Note] Event Scheduler: Purging the queue. 0 events
2020-01-04 15:02:49 0 [Note] InnoDB: FTS optimize thread exiting.
2020-01-04 15:02:49 0 [Note] InnoDB: Starting shutdown...
2020-01-04 15:02:49 0 [Note] InnoDB: Dumping buffer pool(s) to C:\xampp\mysql\data\ib_buffer_pool
2020-01-04 15:02:49 0 [Note] InnoDB: Instance 0, restricted to 250 pages due to innodb_buf_pool_dump_pct=25
2020-01-04 15:02:49 0 [Note] InnoDB: Buffer pool(s) dump completed at 200104 15:02:49
2020-01-04 15:02:51 0 [Note] InnoDB: Shutdown completed; log sequence number 326446; transaction id 305
2020-01-04 15:02:51 0 [Note] InnoDB: Removed temporary tablespace data file: "ibtmp1"
2020-01-04 15:02:52 0 [Note] C:\xampp\mysql\bin\mysqld.exe: Shutdown complete

InnoDB: using atomic writes.
2020-01-04 15:14:05 0 [Note] InnoDB: Mutexes and rw_locks use Windows interlocked functions
2020-01-04 15:14:05 0 [Note] InnoDB: Uses event mutexes
2020-01-04 15:14:05 0 [Note] InnoDB: Compressed tables use zlib 1.2.11
2020-01-04 15:14:05 0 [Note] InnoDB: Number of pools: 1
2020-01-04 15:14:05 0 [Note] InnoDB: Using SSE2 crc32 instructions
2020-01-04 15:14:05 0 [Note] InnoDB: Initializing buffer pool, total size = 16M, instances = 1, chunk size = 16M
2020-01-04 15:14:05 0 [Note] InnoDB: Completed initialization of buffer pool
2020-01-04 15:14:06 0 [Note] InnoDB: 128 out of 128 rollback segments are active.
2020-01-04 15:14:06 0 [Note] InnoDB: Creating shared tablespace for temporary tables
2020-01-04 15:14:06 0 [Note] InnoDB: Setting file 'C:\xampp\mysql\data\ibtmp1' size to 12 MB. Physically writing the file full; Please wait ...
2020-01-04 15:14:06 0 [Note] InnoDB: File 'C:\xampp\mysql\data\ibtmp1' size is now 12 MB.
2020-01-04 15:14:06 0 [Note] InnoDB: 10.4.11 started; log sequence number 326446; transaction id 307
2020-01-04 15:14:06 0 [Note] InnoDB: Loading buffer pool(s) from C:\xampp\mysql\data\ib_buffer_pool
2020-01-04 15:14:06 0 [Note] Plugin 'FEEDBACK' is disabled.
2020-01-04 15:14:06 0 [Note] Server socket created on IP: '::'.
2020-01-04 15:14:06 0 [Note] InnoDB: Buffer pool(s) load completed at 200104 15:14:06
2020-01-04 15:14:06 0 [Note] Reading of all Master_info entries succeeded
2020-01-04 15:14:06 0 [Note] Added new Master_info '' to hash table
2020-01-04 15:14:06 0 [Note] C:\xampp\mysql\bin\mysqld.exe: ready for connections.
Version: '10.4.11-MariaDB'  socket: ''  port: 3306  mariadb.org binary distribution
2020-01-04 15:17:37 0 [Note] C:\xampp\mysql\bin\mysqld.exe (initiated by: unknown): Normal shutdown
2020-01-04 15:17:37 0 [Note] Event Scheduler: Purging the queue. 0 events
2020-01-04 15:17:37 0 [Note] InnoDB: FTS optimize thread exiting.
2020-01-04 15:17:37 0 [Note] InnoDB: Starting shutdown...
2020-01-04 15:17:37 0 [Note] InnoDB: Dumping buffer pool(s) to C:\xampp\mysql\data\ib_buffer_pool
2020-01-04 15:17:37 0 [Note] InnoDB: Instance 0, restricted to 250 pages due to innodb_buf_pool_dump_pct=25
2020-01-04 15:17:37 0 [Note] InnoDB: Buffer pool(s) dump completed at 200104 15:17:37
2020-01-04 15:17:39 0 [Note] InnoDB: Shutdown completed; log sequence number 326455; transaction id 308
2020-01-04 15:17:39 0 [Note] InnoDB: Removed temporary tablespace data file: "ibtmp1"
2020-01-04 15:17:39 0 [Note] C:\xampp\mysql\bin\mysqld.exe: Shutdown complete

InnoDB: using atomic writes.
2020-01-04 15:18:13 0 [Note] InnoDB: Mutexes and rw_locks use Windows interlocked functions
2020-01-04 15:18:13 0 [Note] InnoDB: Uses event mutexes
2020-01-04 15:18:13 0 [Note] InnoDB: Compressed tables use zlib 1.2.11
2020-01-04 15:18:13 0 [Note] InnoDB: Number of pools: 1
2020-01-04 15:18:13 0 [Note] InnoDB: Using SSE2 crc32 instructions
2020-01-04 15:18:13 0 [Note] InnoDB: Initializing buffer pool, total size = 16M, instances = 1, chunk size = 16M
2020-01-04 15:18:13 0 [Note] InnoDB: Completed initialization of buffer pool
2020-01-04 15:18:14 0 [Note] InnoDB: 128 out of 128 rollback segments are active.
2020-01-04 15:18:14 0 [Note] InnoDB: Creating shared tablespace for temporary tables
2020-01-04 15:18:14 0 [Note] InnoDB: Setting file 'C:\xampp\mysql\data\ibtmp1' size to 12 MB. Physically writing the file full; Please wait ...
2020-01-04 15:18:14 0 [Note] InnoDB: File 'C:\xampp\mysql\data\ibtmp1' size is now 12 MB.
2020-01-04 15:18:14 0 [Note] InnoDB: Waiting for purge to start
2020-01-04 15:18:14 0 [Note] InnoDB: 10.4.11 started; log sequence number 326455; transaction id 307
2020-01-04 15:18:14 0 [Note] InnoDB: Loading buffer pool(s) from C:\xampp\mysql\data\ib_buffer_pool
2020-01-04 15:18:14 0 [Note] Plugin 'FEEDBACK' is disabled.
2020-01-04 15:18:14 0 [Note] Server socket created on IP: '::'.
2020-01-04 15:18:14 0 [Note] Reading of all Master_info entries succeeded
2020-01-04 15:18:14 0 [Note] Added new Master_info '' to hash table
2020-01-04 15:18:14 0 [Note] C:\xampp\mysql\bin\mysqld.exe: ready for connections.
Version: '10.4.11-MariaDB'  socket: ''  port: 3306  mariadb.org binary distribution
2020-01-04 15:18:14 0 [Note] InnoDB: Buffer pool(s) load completed at 200104 15:18:14
2020-01-04 15:20:37 0 [Note] C:\xampp\mysql\bin\mysqld.exe (initiated by: unknown): Normal shutdown
2020-01-04 15:20:37 0 [Note] Event Scheduler: Purging the queue. 0 events
2020-01-04 15:20:37 0 [Note] InnoDB: FTS optimize thread exiting.
2020-01-04 15:20:37 0 [Note] InnoDB: Starting shutdown...
2020-01-04 15:20:37 0 [Note] InnoDB: Dumping buffer pool(s) to C:\xampp\mysql\data\ib_buffer_pool
2020-01-04 15:20:37 0 [Note] InnoDB: Instance 0, restricted to 250 pages due to innodb_buf_pool_dump_pct=25
2020-01-04 15:20:37 0 [Note] InnoDB: Buffer pool(s) dump completed at 200104 15:20:37
2020-01-04 15:20:39 0 [Note] InnoDB: Shutdown completed; log sequence number 326464; transaction id 308
2020-01-04 15:20:39 0 [Note] InnoDB: Removed temporary tablespace data file: "ibtmp1"
2020-01-04 15:20:39 0 [Note] C:\xampp\mysql\bin\mysqld.exe: Shutdown complete

InnoDB: using atomic writes.
2020-01-04 15:20:55 0 [Note] InnoDB: Mutexes and rw_locks use Windows interlocked functions
2020-01-04 15:20:55 0 [Note] InnoDB: Uses event mutexes
2020-01-04 15:20:55 0 [Note] InnoDB: Compressed tables use zlib 1.2.11
2020-01-04 15:20:55 0 [Note] InnoDB: Number of pools: 1
2020-01-04 15:20:55 0 [Note] InnoDB: Using SSE2 crc32 instructions
2020-01-04 15:20:55 0 [Note] InnoDB: Initializing buffer pool, total size = 16M, instances = 1, chunk size = 16M
2020-01-04 15:20:55 0 [Note] InnoDB: Completed initialization of buffer pool
2020-01-04 15:20:56 0 [Note] InnoDB: 128 out of 128 rollback segments are active.
2020-01-04 15:20:56 0 [Note] InnoDB: Creating shared tablespace for temporary tables
2020-01-04 15:20:56 0 [Note] InnoDB: Setting file 'C:\xampp\mysql\data\ibtmp1' size to 12 MB. Physically writing the file full; Please wait ...
2020-01-04 15:20:56 0 [Note] InnoDB: File 'C:\xampp\mysql\data\ibtmp1' size is now 12 MB.
2020-01-04 15:20:56 0 [Note] InnoDB: 10.4.11 started; log sequence number 326464; transaction id 307
2020-01-04 15:20:56 0 [Note] InnoDB: Loading buffer pool(s) from C:\xampp\mysql\data\ib_buffer_pool
2020-01-04 15:20:56 0 [Note] Plugin 'FEEDBACK' is disabled.
2020-01-04 15:20:56 0 [Note] Server socket created on IP: '::'.
2020-01-04 15:20:57 0 [Note] Reading of all Master_info entries succeeded
2020-01-04 15:20:57 0 [Note] Added new Master_info '' to hash table
2020-01-04 15:20:57 0 [Note] C:\xampp\mysql\bin\mysqld.exe: ready for connections.
Version: '10.4.11-MariaDB'  socket: ''  port: 3306  mariadb.org binary distribution
2020-01-04 15:20:57 0 [Note] InnoDB: Buffer pool(s) load completed at 200104 15:20:57
2020-01-04 15:25:58 0 [Note] C:\xampp\mysql\bin\mysqld.exe (initiated by: unknown): Normal shutdown
2020-01-04 15:25:58 0 [Note] Event Scheduler: Purging the queue. 0 events
2020-01-04 15:25:59 0 [Note] InnoDB: FTS optimize thread exiting.
2020-01-04 15:26:01 0 [Note] InnoDB: Starting shutdown...
2020-01-04 15:26:01 0 [Note] InnoDB: Dumping buffer pool(s) to C:\xampp\mysql\data\ib_buffer_pool
2020-01-04 15:26:01 0 [Note] InnoDB: Instance 0, restricted to 250 pages due to innodb_buf_pool_dump_pct=25
2020-01-04 15:26:01 0 [Note] InnoDB: Buffer pool(s) dump completed at 200104 15:26:01
2020-01-04 15:26:05 0 [Note] InnoDB: Shutdown completed; log sequence number 326473; transaction id 309
2020-01-04 15:26:05 0 [Note] InnoDB: Removed temporary tablespace data file: "ibtmp1"
2020-01-04 15:26:08 0 [Note] C:\xampp\mysql\bin\mysqld.exe: Shutdown complete

InnoDB: using atomic writes.
2020-01-04 15:34:18 0 [Note] InnoDB: Mutexes and rw_locks use Windows interlocked functions
2020-01-04 15:34:18 0 [Note] InnoDB: Uses event mutexes
2020-01-04 15:34:18 0 [Note] InnoDB: Compressed tables use zlib 1.2.11
2020-01-04 15:34:18 0 [Note] InnoDB: Number of pools: 1
2020-01-04 15:34:18 0 [Note] InnoDB: Using SSE2 crc32 instructions
2020-01-04 15:34:18 0 [Note] InnoDB: Initializing buffer pool, total size = 16M, instances = 1, chunk size = 16M
2020-01-04 15:34:18 0 [Note] InnoDB: Completed initialization of buffer pool
2020-01-04 15:34:22 0 [Note] InnoDB: 128 out of 128 rollback segments are active.
2020-01-04 15:34:22 0 [Note] InnoDB: Creating shared tablespace for temporary tables
2020-01-04 15:34:22 0 [Note] InnoDB: Setting file 'C:\xampp\mysql\data\ibtmp1' size to 12 MB. Physically writing the file full; Please wait ...
2020-01-04 15:34:22 0 [Note] InnoDB: File 'C:\xampp\mysql\data\ibtmp1' size is now 12 MB.
2020-01-04 15:34:22 0 [Note] InnoDB: Waiting for purge to start
2020-01-04 15:34:22 0 [Note] InnoDB: 10.4.11 started; log sequence number 326473; transaction id 307
2020-01-04 15:34:22 0 [Note] InnoDB: Loading buffer pool(s) from C:\xampp\mysql\data\ib_buffer_pool
2020-01-04 15:34:22 0 [Note] Plugin 'FEEDBACK' is disabled.
2020-01-04 15:34:22 0 [Note] Server socket created on IP: '::'.
2020-01-04 15:34:23 0 [Note] Reading of all Master_info entries succeeded
2020-01-04 15:34:23 0 [Note] Added new Master_info '' to hash table
2020-01-04 15:34:23 0 [Note] C:\xampp\mysql\bin\mysqld.exe: ready for connections.
Version: '10.4.11-MariaDB'  socket: ''  port: 3306  mariadb.org binary distribution
2020-01-04 15:34:23 0 [Note] InnoDB: Buffer pool(s) load completed at 200104 15:34:23
2020-01-04 15:36:40 0 [Note] C:\xampp\mysql\bin\mysqld.exe (initiated by: unknown): Normal shutdown
2020-01-04 15:36:40 0 [Note] Event Scheduler: Purging the queue. 0 events
2020-01-04 15:36:40 0 [Note] InnoDB: FTS optimize thread exiting.
2020-01-04 15:36:41 0 [Note] InnoDB: Starting shutdown...
2020-01-04 15:36:41 0 [Note] InnoDB: Dumping buffer pool(s) to C:\xampp\mysql\data\ib_buffer_pool
2020-01-04 15:36:41 0 [Note] InnoDB: Instance 0, restricted to 250 pages due to innodb_buf_pool_dump_pct=25
2020-01-04 15:36:41 0 [Note] InnoDB: Buffer pool(s) dump completed at 200104 15:36:41
2020-01-04 15:36:42 0 [Note] InnoDB: Shutdown completed; log sequence number 326482; transaction id 309
2020-01-04 15:36:42 0 [Note] InnoDB: Removed temporary tablespace data file: "ibtmp1"
2020-01-04 15:36:42 0 [Note] C:\xampp\mysql\bin\mysqld.exe: Shutdown complete

InnoDB: using atomic writes.
2020-01-04 17:28:06 0 [Note] InnoDB: Mutexes and rw_locks use Windows interlocked functions
2020-01-04 17:28:06 0 [Note] InnoDB: Uses event mutexes
2020-01-04 17:28:06 0 [Note] InnoDB: Compressed tables use zlib 1.2.11
2020-01-04 17:28:06 0 [Note] InnoDB: Number of pools: 1
2020-01-04 17:28:06 0 [Note] InnoDB: Using SSE2 crc32 instructions
2020-01-04 17:28:06 0 [Note] InnoDB: Initializing buffer pool, total size = 16M, instances = 1, chunk size = 16M
2020-01-04 17:28:06 0 [Note] InnoDB: Completed initialization of buffer pool
2020-01-04 17:28:08 0 [Note] InnoDB: 128 out of 128 rollback segments are active.
2020-01-04 17:28:08 0 [Note] InnoDB: Creating shared tablespace for temporary tables
2020-01-04 17:28:08 0 [Note] InnoDB: Setting file 'C:\xampp\mysql\data\ibtmp1' size to 12 MB. Physically writing the file full; Please wait ...
2020-01-04 17:28:08 0 [Note] InnoDB: File 'C:\xampp\mysql\data\ibtmp1' size is now 12 MB.
2020-01-04 17:28:08 0 [Note] InnoDB: 10.4.11 started; log sequence number 326482; transaction id 307
2020-01-04 17:28:08 0 [Note] InnoDB: Loading buffer pool(s) from C:\xampp\mysql\data\ib_buffer_pool
2020-01-04 17:28:08 0 [Note] Plugin 'FEEDBACK' is disabled.
2020-01-04 17:28:08 0 [Note] Server socket created on IP: '::'.
2020-01-04 17:28:08 0 [Note] InnoDB: Buffer pool(s) load completed at 200104 17:28:08
2020-01-04 17:28:09 0 [Note] Reading of all Master_info entries succeeded
2020-01-04 17:28:09 0 [Note] Added new Master_info '' to hash table
2020-01-04 17:28:09 0 [Note] C:\xampp\mysql\bin\mysqld.exe: ready for connections.
Version: '10.4.11-MariaDB'  socket: ''  port: 3306  mariadb.org binary distribution
2020-01-04 17:36:38 0 [Note] C:\xampp\mysql\bin\mysqld.exe (initiated by: unknown): Normal shutdown
2020-01-04 17:36:38 0 [Note] Event Scheduler: Purging the queue. 0 events
2020-01-04 17:36:38 0 [Note] InnoDB: FTS optimize thread exiting.
2020-01-04 17:36:39 0 [Note] InnoDB: Starting shutdown...
2020-01-04 17:36:39 0 [Note] InnoDB: Dumping buffer pool(s) to C:\xampp\mysql\data\ib_buffer_pool
2020-01-04 17:36:39 0 [Note] InnoDB: Instance 0, restricted to 250 pages due to innodb_buf_pool_dump_pct=25
2020-01-04 17:36:39 0 [Note] InnoDB: Buffer pool(s) dump completed at 200104 17:36:39
2020-01-04 17:36:40 0 [Note] InnoDB: Shutdown completed; log sequence number 327744; transaction id 334
2020-01-04 17:36:40 0 [Note] InnoDB: Removed temporary tablespace data file: "ibtmp1"
2020-01-04 17:36:40 0 [Note] C:\xampp\mysql\bin\mysqld.exe: Shutdown complete

InnoDB: using atomic writes.
2020-01-17 14:36:52 0 [Note] InnoDB: Mutexes and rw_locks use Windows interlocked functions
2020-01-17 14:36:52 0 [Note] InnoDB: Uses event mutexes
2020-01-17 14:36:52 0 [Note] InnoDB: Compressed tables use zlib 1.2.11
2020-01-17 14:36:52 0 [Note] InnoDB: Number of pools: 1
2020-01-17 14:36:52 0 [Note] InnoDB: Using SSE2 crc32 instructions
2020-01-17 14:36:52 0 [Note] InnoDB: Initializing buffer pool, total size = 16M, instances = 1, chunk size = 16M
2020-01-17 14:36:52 0 [Note] InnoDB: Completed initialization of buffer pool
2020-01-17 14:37:06 0 [Note] InnoDB: 128 out of 128 rollback segments are active.
2020-01-17 14:37:06 0 [Note] InnoDB: Creating shared tablespace for temporary tables
2020-01-17 14:37:06 0 [Note] InnoDB: Setting file 'C:\xampp\mysql\data\ibtmp1' size to 12 MB. Physically writing the file full; Please wait ...
2020-01-17 14:37:06 0 [Note] InnoDB: File 'C:\xampp\mysql\data\ibtmp1' size is now 12 MB.
2020-01-17 14:37:06 0 [Note] InnoDB: Waiting for purge to start
2020-01-17 14:37:06 0 [Note] InnoDB: Waiting for purge to start
2020-01-17 14:37:06 0 [Note] InnoDB: Waiting for purge to start
2020-01-17 14:37:06 0 [Note] InnoDB: Waiting for purge to start
2020-01-17 14:37:06 0 [Note] InnoDB: Waiting for purge to start
2020-01-17 14:37:06 0 [Note] InnoDB: Waiting for purge to start
2020-01-17 14:37:06 0 [Note] InnoDB: 10.4.11 started; log sequence number 327744; transaction id 336
2020-01-17 14:37:07 0 [Note] InnoDB: Loading buffer pool(s) from C:\xampp\mysql\data\ib_buffer_pool
2020-01-17 14:37:07 0 [Note] Plugin 'FEEDBACK' is disabled.
2020-01-17 14:37:12 0 [Note] Server socket created on IP: '::'.
2020-01-17 14:37:13 0 [Note] InnoDB: Buffer pool(s) load completed at 200117 14:37:13
2020-01-17 14:37:19 0 [Note] Reading of all Master_info entries succeeded
2020-01-17 14:37:19 0 [Note] Added new Master_info '' to hash table
2020-01-17 14:37:19 0 [Note] C:\xampp\mysql\bin\mysqld.exe: ready for connections.
Version: '10.4.11-MariaDB'  socket: ''  port: 3306  mariadb.org binary distribution
2020-01-18 22:33:58 0 [Note] C:\xampp\mysql\bin\mysqld.exe (initiated by: unknown): Normal shutdown
2020-01-18 22:33:58 0 [Note] Event Scheduler: Purging the queue. 0 events
2020-01-18 22:33:58 0 [Note] InnoDB: FTS optimize thread exiting.
2020-01-18 22:34:09 0 [Note] InnoDB: Starting shutdown...
2020-01-18 22:34:09 0 [Note] InnoDB: Dumping buffer pool(s) to C:\xampp\mysql\data\ib_buffer_pool
2020-01-18 22:34:09 0 [Note] InnoDB: Instance 0, restricted to 250 pages due to innodb_buf_pool_dump_pct=25
2020-01-18 22:34:09 0 [Note] InnoDB: Buffer pool(s) dump completed at 200118 22:34:09
2020-01-18 22:34:11 0 [Note] InnoDB: Shutdown completed; log sequence number 327753; transaction id 337
2020-01-18 22:34:11 0 [Note] InnoDB: Removed temporary tablespace data file: "ibtmp1"
2020-01-18 22:34:12 0 [Note] C:\xampp\mysql\bin\mysqld.exe: Shutdown complete

InnoDB: using atomic writes.
2020-01-18 22:37:01 0 [Note] InnoDB: Mutexes and rw_locks use Windows interlocked functions
2020-01-18 22:37:01 0 [Note] InnoDB: Uses event mutexes
2020-01-18 22:37:01 0 [Note] InnoDB: Compressed tables use zlib 1.2.11
2020-01-18 22:37:02 0 [Note] InnoDB: Number of pools: 1
2020-01-18 22:37:02 0 [Note] InnoDB: Using SSE2 crc32 instructions
2020-01-18 22:37:04 0 [Note] InnoDB: Initializing buffer pool, total size = 16M, instances = 1, chunk size = 16M
2020-01-18 22:37:05 0 [Note] InnoDB: Completed initialization of buffer pool
2020-01-18 22:37:16 0 [Note] InnoDB: 128 out of 128 rollback segments are active.
2020-01-18 22:37:16 0 [Note] InnoDB: Creating shared tablespace for temporary tables
2020-01-18 22:37:16 0 [Note] InnoDB: Setting file 'C:\xampp\mysql\data\ibtmp1' size to 12 MB. Physically writing the file full; Please wait ...
2020-01-18 22:37:16 0 [Note] InnoDB: File 'C:\xampp\mysql\data\ibtmp1' size is now 12 MB.
2020-01-18 22:37:16 0 [Note] InnoDB: Waiting for purge to start
2020-01-18 22:37:16 0 [Note] InnoDB: Waiting for purge to start
2020-01-18 22:37:16 0 [Note] InnoDB: Waiting for purge to start
2020-01-18 22:37:16 0 [Note] InnoDB: Waiting for purge to start
2020-01-18 22:37:16 0 [Note] InnoDB: Waiting for purge to start
2020-01-18 22:37:16 0 [Note] InnoDB: Waiting for purge to start
2020-01-18 22:37:16 0 [Note] InnoDB: 10.4.11 started; log sequence number 327753; transaction id 336
2020-01-18 22:37:16 0 [Note] Plugin 'FEEDBACK' is disabled.
2020-01-18 22:37:17 0 [Note] InnoDB: Loading buffer pool(s) from C:\xampp\mysql\data\ib_buffer_pool
2020-01-18 22:37:21 0 [Note] Server socket created on IP: '::'.
2020-01-18 22:37:23 0 [Note] InnoDB: Buffer pool(s) load completed at 200118 22:37:23
2020-01-18 22:37:27 0 [Note] Reading of all Master_info entries succeeded
2020-01-18 22:37:27 0 [Note] Added new Master_info '' to hash table
2020-01-18 22:37:27 0 [Note] C:\xampp\mysql\bin\mysqld.exe: ready for connections.
Version: '10.4.11-MariaDB'  socket: ''  port: 3306  mariadb.org binary distribution
2020-01-18 23:00:28 0 [Note] C:\xampp\mysql\bin\mysqld.exe (initiated by: unknown): Normal shutdown
2020-01-18 23:00:28 0 [Note] InnoDB: FTS optimize thread exiting.
2020-01-18 23:00:29 0 [Note] Event Scheduler: Purging the queue. 0 events
2020-01-18 23:00:42 0 [Note] InnoDB: Starting shutdown...
2020-01-18 23:00:42 0 [Note] InnoDB: Dumping buffer pool(s) to C:\xampp\mysql\data\ib_buffer_pool
2020-01-18 23:00:42 0 [Note] InnoDB: Instance 0, restricted to 250 pages due to innodb_buf_pool_dump_pct=25
2020-01-18 23:00:42 0 [Note] InnoDB: Buffer pool(s) dump completed at 200118 23:00:42
2020-01-18 23:00:43 0 [Note] InnoDB: Shutdown completed; log sequence number 327762; transaction id 337
2020-01-18 23:00:43 0 [Note] InnoDB: Removed temporary tablespace data file: "ibtmp1"
2020-01-18 23:00:45 0 [Note] C:\xampp\mysql\bin\mysqld.exe: Shutdown complete

InnoDB: using atomic writes.
2020-01-18 23:03:42 0 [Note] InnoDB: Mutexes and rw_locks use Windows interlocked functions
2020-01-18 23:03:42 0 [Note] InnoDB: Uses event mutexes
2020-01-18 23:03:42 0 [Note] InnoDB: Compressed tables use zlib 1.2.11
2020-01-18 23:03:42 0 [Note] InnoDB: Number of pools: 1
2020-01-18 23:03:43 0 [Note] InnoDB: Using SSE2 crc32 instructions
2020-01-18 23:03:43 0 [Note] InnoDB: Initializing buffer pool, total size = 16M, instances = 1, chunk size = 16M
2020-01-18 23:03:43 0 [Note] InnoDB: Completed initialization of buffer pool
2020-01-18 23:03:48 0 [Note] InnoDB: 128 out of 128 rollback segments are active.
2020-01-18 23:03:48 0 [Note] InnoDB: Creating shared tablespace for temporary tables
2020-01-18 23:03:48 0 [Note] InnoDB: Setting file 'C:\xampp\mysql\data\ibtmp1' size to 12 MB. Physically writing the file full; Please wait ...
2020-01-18 23:03:48 0 [Note] InnoDB: File 'C:\xampp\mysql\data\ibtmp1' size is now 12 MB.
2020-01-18 23:03:48 0 [Note] InnoDB: Waiting for purge to start
2020-01-18 23:03:48 0 [Note] InnoDB: Waiting for purge to start
2020-01-18 23:03:48 0 [Note] InnoDB: Waiting for purge to start
2020-01-18 23:03:49 0 [Note] InnoDB: 10.4.11 started; log sequence number 327762; transaction id 336
2020-01-18 23:03:49 0 [Note] InnoDB: Loading buffer pool(s) from C:\xampp\mysql\data\ib_buffer_pool
2020-01-18 23:03:49 0 [Note] Plugin 'FEEDBACK' is disabled.
2020-01-18 23:03:49 0 [Note] Server socket created on IP: '::'.
2020-01-18 23:03:51 0 [Note] InnoDB: Buffer pool(s) load completed at 200118 23:03:51
2020-01-18 23:03:52 0 [Note] Reading of all Master_info entries succeeded
2020-01-18 23:03:52 0 [Note] Added new Master_info '' to hash table
2020-01-18 23:03:52 0 [Note] C:\xampp\mysql\bin\mysqld.exe: ready for connections.
Version: '10.4.11-MariaDB'  socket: ''  port: 3306  mariadb.org binary distribution
2020-01-18 23:13:45 0 [Note] C:\xampp\mysql\bin\mysqld.exe (initiated by: unknown): Normal shutdown
2020-01-18 23:13:45 0 [Note] InnoDB: FTS optimize thread exiting.
2020-01-18 23:13:45 0 [Note] Event Scheduler: Purging the queue. 0 events
2020-01-18 23:13:48 0 [Note] InnoDB: Starting shutdown...
2020-01-18 23:13:48 0 [Note] InnoDB: Dumping buffer pool(s) to C:\xampp\mysql\data\ib_buffer_pool
2020-01-18 23:13:48 0 [Note] InnoDB: Instance 0, restricted to 250 pages due to innodb_buf_pool_dump_pct=25
2020-01-18 23:13:48 0 [Note] InnoDB: Buffer pool(s) dump completed at 200118 23:13:48
2020-01-18 23:13:50 0 [Note] InnoDB: Shutdown completed; log sequence number 327771; transaction id 337
2020-01-18 23:13:50 0 [Note] InnoDB: Removed temporary tablespace data file: "ibtmp1"
2020-01-18 23:13:50 0 [Note] C:\xampp\mysql\bin\mysqld.exe: Shutdown complete

InnoDB: using atomic writes.
2020-01-18 23:15:54 0 [Note] InnoDB: Mutexes and rw_locks use Windows interlocked functions
2020-01-18 23:15:54 0 [Note] InnoDB: Uses event mutexes
2020-01-18 23:15:54 0 [Note] InnoDB: Compressed tables use zlib 1.2.11
2020-01-18 23:15:54 0 [Note] InnoDB: Number of pools: 1
2020-01-18 23:15:54 0 [Note] InnoDB: Using SSE2 crc32 instructions
2020-01-18 23:15:54 0 [Note] InnoDB: Initializing buffer pool, total size = 16M, instances = 1, chunk size = 16M
2020-01-18 23:15:54 0 [Note] InnoDB: Completed initialization of buffer pool
2020-01-18 23:15:55 0 [Note] InnoDB: 128 out of 128 rollback segments are active.
2020-01-18 23:15:55 0 [Note] InnoDB: Creating shared tablespace for temporary tables
2020-01-18 23:15:56 0 [Note] InnoDB: Setting file 'C:\xampp\mysql\data\ibtmp1' size to 12 MB. Physically writing the file full; Please wait ...
2020-01-18 23:15:56 0 [Note] InnoDB: File 'C:\xampp\mysql\data\ibtmp1' size is now 12 MB.
2020-01-18 23:15:56 0 [Note] InnoDB: Waiting for purge to start
2020-01-18 23:15:56 0 [Note] InnoDB: 10.4.11 started; log sequence number 327771; transaction id 336
2020-01-18 23:15:56 0 [Note] Plugin 'FEEDBACK' is disabled.
2020-01-18 23:15:56 0 [Note] InnoDB: Loading buffer pool(s) from C:\xampp\mysql\data\ib_buffer_pool
2020-01-18 23:15:56 0 [Note] Server socket created on IP: '::'.
2020-01-18 23:15:56 0 [Note] InnoDB: Buffer pool(s) load completed at 200118 23:15:56
2020-01-18 23:16:00 0 [Note] Reading of all Master_info entries succeeded
2020-01-18 23:16:00 0 [Note] Added new Master_info '' to hash table
2020-01-18 23:16:00 0 [Note] C:\xampp\mysql\bin\mysqld.exe: ready for connections.
Version: '10.4.11-MariaDB'  socket: ''  port: 3306  mariadb.org binary distribution
2020-01-21 21:41:44 0 [Note] C:\xampp\mysql\bin\mysqld.exe (initiated by: unknown): Normal shutdown
2020-01-21 21:41:44 0 [Note] Event Scheduler: Purging the queue. 0 events
2020-01-21 21:41:44 0 [Note] InnoDB: FTS optimize thread exiting.
2020-01-21 21:41:44 0 [Note] InnoDB: Starting shutdown...
2020-01-21 21:41:44 0 [Note] InnoDB: Dumping buffer pool(s) to C:\xampp\mysql\data\ib_buffer_pool
2020-01-21 21:41:44 0 [Note] InnoDB: Instance 0, restricted to 250 pages due to innodb_buf_pool_dump_pct=25
2020-01-21 21:41:44 0 [Note] InnoDB: Buffer pool(s) dump completed at 200121 21:41:44
2020-01-21 21:41:44 0 [Note] InnoDB: Shutdown completed; log sequence number 327780; transaction id 337
2020-01-21 21:41:45 0 [Note] InnoDB: Removed temporary tablespace data file: "ibtmp1"
2020-01-21 21:41:45 0 [Note] C:\xampp\mysql\bin\mysqld.exe: Shutdown complete

InnoDB: using atomic writes.
2020-01-21 21:42:00 0 [Note] InnoDB: Mutexes and rw_locks use Windows interlocked functions
2020-01-21 21:42:00 0 [Note] InnoDB: Uses event mutexes
2020-01-21 21:42:00 0 [Note] InnoDB: Compressed tables use zlib 1.2.11
2020-01-21 21:42:00 0 [Note] InnoDB: Number of pools: 1
2020-01-21 21:42:00 0 [Note] InnoDB: Using SSE2 crc32 instructions
2020-01-21 21:42:00 0 [Note] InnoDB: Initializing buffer pool, total size = 16M, instances = 1, chunk size = 16M
2020-01-21 21:42:00 0 [Note] InnoDB: Completed initialization of buffer pool
2020-01-21 21:42:01 0 [Note] InnoDB: 128 out of 128 rollback segments are active.
2020-01-21 21:42:01 0 [Note] InnoDB: Creating shared tablespace for temporary tables
2020-01-21 21:42:01 0 [Note] InnoDB: Setting file 'C:\xampp\mysql\data\ibtmp1' size to 12 MB. Physically writing the file full; Please wait ...
2020-01-21 21:42:01 0 [Note] InnoDB: File 'C:\xampp\mysql\data\ibtmp1' size is now 12 MB.
2020-01-21 21:42:01 0 [Note] InnoDB: Waiting for purge to start
2020-01-21 21:42:01 0 [Note] InnoDB: 10.4.11 started; log sequence number 327780; transaction id 336
2020-01-21 21:42:01 0 [Note] InnoDB: Loading buffer pool(s) from C:\xampp\mysql\data\ib_buffer_pool
2020-01-21 21:42:01 0 [Note] Plugin 'FEEDBACK' is disabled.
2020-01-21 21:42:01 0 [Note] InnoDB: Buffer pool(s) load completed at 200121 21:42:01
2020-01-21 21:42:01 0 [Note] Server socket created on IP: '::'.
2020-01-21 21:42:02 0 [Note] Reading of all Master_info entries succeeded
2020-01-21 21:42:02 0 [Note] Added new Master_info '' to hash table
2020-01-21 21:42:02 0 [Note] C:\xampp\mysql\bin\mysqld.exe: ready for connections.
Version: '10.4.11-MariaDB'  socket: ''  port: 3306  mariadb.org binary distribution
2020-01-21 21:43:51 0 [Note] C:\xampp\mysql\bin\mysqld.exe (initiated by: unknown): Normal shutdown
2020-01-21 21:43:51 0 [Note] Event Scheduler: Purging the queue. 0 events
2020-01-21 21:43:51 0 [Note] InnoDB: FTS optimize thread exiting.
2020-01-21 21:43:51 0 [Note] InnoDB: Starting shutdown...
2020-01-21 21:43:51 0 [Note] InnoDB: Dumping buffer pool(s) to C:\xampp\mysql\data\ib_buffer_pool
2020-01-21 21:43:51 0 [Note] InnoDB: Instance 0, restricted to 250 pages due to innodb_buf_pool_dump_pct=25
2020-01-21 21:43:51 0 [Note] InnoDB: Buffer pool(s) dump completed at 200121 21:43:51
2020-01-21 21:43:52 0 [Note] InnoDB: Shutdown completed; log sequence number 328090; transaction id 359
2020-01-21 21:43:52 0 [Note] InnoDB: Removed temporary tablespace data file: "ibtmp1"
2020-01-21 21:43:52 0 [Note] C:\xampp\mysql\bin\mysqld.exe: Shutdown complete

InnoDB: using atomic writes.
2020-01-25  9:37:16 0 [Note] InnoDB: Mutexes and rw_locks use Windows interlocked functions
2020-01-25  9:37:16 0 [Note] InnoDB: Uses event mutexes
2020-01-25  9:37:16 0 [Note] InnoDB: Compressed tables use zlib 1.2.11
2020-01-25  9:37:16 0 [Note] InnoDB: Number of pools: 1
2020-01-25  9:37:16 0 [Note] InnoDB: Using SSE2 crc32 instructions
2020-01-25  9:37:16 0 [Note] InnoDB: Initializing buffer pool, total size = 16M, instances = 1, chunk size = 16M
2020-01-25  9:37:16 0 [Note] InnoDB: Completed initialization of buffer pool
2020-01-25  9:37:17 0 [Note] InnoDB: 128 out of 128 rollback segments are active.
2020-01-25  9:37:17 0 [Note] InnoDB: Creating shared tablespace for temporary tables
2020-01-25  9:37:17 0 [Note] InnoDB: Setting file 'C:\xampp\mysql\data\ibtmp1' size to 12 MB. Physically writing the file full; Please wait ...
2020-01-25  9:37:17 0 [Note] InnoDB: File 'C:\xampp\mysql\data\ibtmp1' size is now 12 MB.
2020-01-25  9:37:17 0 [Note] InnoDB: Waiting for purge to start
2020-01-25  9:37:17 0 [Note] InnoDB: 10.4.11 started; log sequence number 328090; transaction id 361
2020-01-25  9:37:17 0 [Note] Plugin 'FEEDBACK' is disabled.
2020-01-25  9:37:17 0 [Note] InnoDB: Loading buffer pool(s) from C:\xampp\mysql\data\ib_buffer_pool
2020-01-25  9:37:17 0 [Note] Server socket created on IP: '::'.
2020-01-25  9:37:17 0 [Note] InnoDB: Buffer pool(s) load completed at 200125  9:37:17
2020-01-25  9:37:19 0 [Note] Reading of all Master_info entries succeeded
2020-01-25  9:37:19 0 [Note] Added new Master_info '' to hash table
2020-01-25  9:37:19 0 [Note] C:\xampp\mysql\bin\mysqld.exe: ready for connections.
Version: '10.4.11-MariaDB'  socket: ''  port: 3306  mariadb.org binary distribution
2020-01-25 11:31:23 0 [Note] C:\xampp\mysql\bin\mysqld.exe (initiated by: unknown): Normal shutdown
2020-01-25 11:31:23 0 [Note] Event Scheduler: Purging the queue. 0 events
2020-01-25 11:31:23 0 [Note] InnoDB: FTS optimize thread exiting.
2020-01-25 11:31:23 0 [Note] InnoDB: Starting shutdown...
2020-01-25 11:31:23 0 [Note] InnoDB: Dumping buffer pool(s) to C:\xampp\mysql\data\ib_buffer_pool
2020-01-25 11:31:23 0 [Note] InnoDB: Instance 0, restricted to 250 pages due to innodb_buf_pool_dump_pct=25
2020-01-25 11:31:23 0 [Note] InnoDB: Buffer pool(s) dump completed at 200125 11:31:23
2020-01-25 11:31:25 0 [Note] InnoDB: Shutdown completed; log sequence number 328416; transaction id 384
2020-01-25 11:31:25 0 [Note] InnoDB: Removed temporary tablespace data file: "ibtmp1"
2020-01-25 11:31:25 0 [Note] C:\xampp\mysql\bin\mysqld.exe: Shutdown complete

InnoDB: using atomic writes.
2020-02-04 23:18:46 0 [Note] InnoDB: Mutexes and rw_locks use Windows interlocked functions
2020-02-04 23:18:46 0 [Note] InnoDB: Uses event mutexes
2020-02-04 23:18:46 0 [Note] InnoDB: Compressed tables use zlib 1.2.11
2020-02-04 23:18:46 0 [Note] InnoDB: Number of pools: 1
2020-02-04 23:18:46 0 [Note] InnoDB: Using SSE2 crc32 instructions
2020-02-04 23:18:46 0 [Note] InnoDB: Initializing buffer pool, total size = 16M, instances = 1, chunk size = 16M
2020-02-04 23:18:46 0 [Note] InnoDB: Completed initialization of buffer pool
2020-02-04 23:18:54 0 [Note] InnoDB: 128 out of 128 rollback segments are active.
2020-02-04 23:18:55 0 [Note] InnoDB: Creating shared tablespace for temporary tables
2020-02-04 23:18:55 0 [Note] InnoDB: Setting file 'C:\xampp\mysql\data\ibtmp1' size to 12 MB. Physically writing the file full; Please wait ...
2020-02-04 23:18:55 0 [Note] InnoDB: File 'C:\xampp\mysql\data\ibtmp1' size is now 12 MB.
2020-02-04 23:18:55 0 [Note] InnoDB: Waiting for purge to start
2020-02-04 23:18:55 0 [Note] InnoDB: Waiting for purge to start
2020-02-04 23:18:55 0 [Note] InnoDB: Waiting for purge to start
2020-02-04 23:18:55 0 [Note] InnoDB: Waiting for purge to start
2020-02-04 23:18:55 0 [Note] InnoDB: Waiting for purge to start
2020-02-04 23:18:55 0 [Note] InnoDB: Waiting for purge to start
2020-02-04 23:18:55 0 [Note] InnoDB: Waiting for purge to start
2020-02-04 23:18:55 0 [Note] InnoDB: Waiting for purge to start
2020-02-04 23:18:55 0 [Note] InnoDB: Waiting for purge to start
2020-02-04 23:18:55 0 [Note] InnoDB: 10.4.11 started; log sequence number 328416; transaction id 385
2020-02-04 23:18:56 0 [Note] InnoDB: Loading buffer pool(s) from C:\xampp\mysql\data\ib_buffer_pool
2020-02-04 23:18:56 0 [Note] Plugin 'FEEDBACK' is disabled.
2020-02-04 23:18:58 0 [Note] InnoDB: Buffer pool(s) load completed at 200204 23:18:58
2020-02-04 23:18:58 0 [Note] Server socket created on IP: '::'.
2020-02-04 23:19:03 0 [Note] Reading of all Master_info entries succeeded
2020-02-04 23:19:03 0 [Note] Added new Master_info '' to hash table
2020-02-04 23:19:03 0 [Note] C:\xampp\mysql\bin\mysqld.exe: ready for connections.
Version: '10.4.11-MariaDB'  socket: ''  port: 3306  mariadb.org binary distribution
2020-02-04 23:22:40 0 [Note] C:\xampp\mysql\bin\mysqld.exe (initiated by: unknown): Normal shutdown
2020-02-04 23:22:40 0 [Note] Event Scheduler: Purging the queue. 0 events
2020-02-04 23:22:40 0 [Note] InnoDB: FTS optimize thread exiting.
2020-02-04 23:22:42 0 [Note] InnoDB: Starting shutdown...
2020-02-04 23:22:42 0 [Note] InnoDB: Dumping buffer pool(s) to C:\xampp\mysql\data\ib_buffer_pool
2020-02-04 23:22:42 0 [Note] InnoDB: Instance 0, restricted to 250 pages due to innodb_buf_pool_dump_pct=25
2020-02-04 23:22:42 0 [Note] InnoDB: Buffer pool(s) dump completed at 200204 23:22:42
2020-02-04 23:22:43 0 [Note] InnoDB: Shutdown completed; log sequence number 328425; transaction id 386
2020-02-04 23:22:43 0 [Note] InnoDB: Removed temporary tablespace data file: "ibtmp1"
2020-02-04 23:22:44 0 [Note] C:\xampp\mysql\bin\mysqld.exe: Shutdown complete

InnoDB: using atomic writes.
2020-02-05 18:13:58 0 [Note] InnoDB: Mutexes and rw_locks use Windows interlocked functions
2020-02-05 18:13:58 0 [Note] InnoDB: Uses event mutexes
2020-02-05 18:13:58 0 [Note] InnoDB: Compressed tables use zlib 1.2.11
2020-02-05 18:13:59 0 [Note] InnoDB: Number of pools: 1
2020-02-05 18:14:00 0 [Note] InnoDB: Using SSE2 crc32 instructions
2020-02-05 18:14:01 0 [Note] InnoDB: Initializing buffer pool, total size = 16M, instances = 1, chunk size = 16M
2020-02-05 18:14:01 0 [Note] InnoDB: Completed initialization of buffer pool
2020-02-05 18:14:11 0 [Note] InnoDB: 128 out of 128 rollback segments are active.
2020-02-05 18:14:11 0 [Note] InnoDB: Creating shared tablespace for temporary tables
2020-02-05 18:14:11 0 [Note] InnoDB: Setting file 'C:\xampp\mysql\data\ibtmp1' size to 12 MB. Physically writing the file full; Please wait ...
2020-02-05 18:14:11 0 [Note] InnoDB: File 'C:\xampp\mysql\data\ibtmp1' size is now 12 MB.
2020-02-05 18:14:11 0 [Note] InnoDB: Waiting for purge to start
2020-02-05 18:14:11 0 [Note] InnoDB: Waiting for purge to start
2020-02-05 18:14:11 0 [Note] InnoDB: Waiting for purge to start
2020-02-05 18:14:11 0 [Note] InnoDB: Waiting for purge to start
2020-02-05 18:14:11 0 [Note] InnoDB: Waiting for purge to start
2020-02-05 18:14:12 0 [Note] InnoDB: Waiting for purge to start
2020-02-05 18:14:12 0 [Note] InnoDB: Waiting for purge to start
2020-02-05 18:14:12 0 [Note] InnoDB: Waiting for purge to start
2020-02-05 18:14:12 0 [Note] InnoDB: Waiting for purge to start
2020-02-05 18:14:12 0 [Note] InnoDB: Waiting for purge to start
2020-02-05 18:14:12 0 [Note] InnoDB: Waiting for purge to start
2020-02-05 18:14:12 0 [Note] InnoDB: Waiting for purge to start
2020-02-05 18:14:12 0 [Note] InnoDB: 10.4.11 started; log sequence number 328425; transaction id 385
2020-02-05 18:14:12 0 [Note] InnoDB: Loading buffer pool(s) from C:\xampp\mysql\data\ib_buffer_pool
2020-02-05 18:14:12 0 [Note] Plugin 'FEEDBACK' is disabled.
2020-02-05 18:14:15 0 [Note] InnoDB: Buffer pool(s) load completed at 200205 18:14:15
2020-02-05 18:14:16 0 [Note] Server socket created on IP: '::'.
2020-02-05 18:14:28 0 [Note] Reading of all Master_info entries succeeded
2020-02-05 18:14:28 0 [Note] Added new Master_info '' to hash table
2020-02-05 18:14:28 0 [Note] C:\xampp\mysql\bin\mysqld.exe: ready for connections.
Version: '10.4.11-MariaDB'  socket: ''  port: 3306  mariadb.org binary distribution
2020-02-05 18:19:17 0 [Note] C:\xampp\mysql\bin\mysqld.exe (initiated by: unknown): Normal shutdown
2020-02-05 18:19:17 0 [Note] Event Scheduler: Purging the queue. 0 events
2020-02-05 18:19:17 0 [Note] InnoDB: FTS optimize thread exiting.
2020-02-05 18:19:24 0 [Note] InnoDB: Starting shutdown...
2020-02-05 18:19:24 0 [Note] InnoDB: Dumping buffer pool(s) to C:\xampp\mysql\data\ib_buffer_pool
2020-02-05 18:19:24 0 [Note] InnoDB: Instance 0, restricted to 250 pages due to innodb_buf_pool_dump_pct=25
2020-02-05 18:19:24 0 [Note] InnoDB: Buffer pool(s) dump completed at 200205 18:19:24
2020-02-05 18:19:25 0 [Note] InnoDB: Shutdown completed; log sequence number 328434; transaction id 386
2020-02-05 18:19:25 0 [Note] InnoDB: Removed temporary tablespace data file: "ibtmp1"
2020-02-05 18:19:31 0 [Note] C:\xampp\mysql\bin\mysqld.exe: Shutdown complete

InnoDB: using atomic writes.
2020-02-05 18:22:31 0 [Note] InnoDB: Mutexes and rw_locks use Windows interlocked functions
2020-02-05 18:22:31 0 [Note] InnoDB: Uses event mutexes
2020-02-05 18:22:31 0 [Note] InnoDB: Compressed tables use zlib 1.2.11
2020-02-05 18:22:32 0 [Note] InnoDB: Number of pools: 1
2020-02-05 18:22:33 0 [Note] InnoDB: Using SSE2 crc32 instructions
2020-02-05 18:22:33 0 [Note] InnoDB: Initializing buffer pool, total size = 16M, instances = 1, chunk size = 16M
2020-02-05 18:22:34 0 [Note] InnoDB: Completed initialization of buffer pool
2020-02-05 18:22:51 0 [Note] InnoDB: 128 out of 128 rollback segments are active.
2020-02-05 18:22:52 0 [Note] InnoDB: Creating shared tablespace for temporary tables
2020-02-05 18:22:52 0 [Note] InnoDB: Setting file 'C:\xampp\mysql\data\ibtmp1' size to 12 MB. Physically writing the file full; Please wait ...
2020-02-05 18:22:52 0 [Note] InnoDB: File 'C:\xampp\mysql\data\ibtmp1' size is now 12 MB.
2020-02-05 18:22:52 0 [Note] InnoDB: Waiting for purge to start
2020-02-05 18:22:52 0 [Note] InnoDB: Waiting for purge to start
2020-02-05 18:22:52 0 [Note] InnoDB: Waiting for purge to start
2020-02-05 18:22:52 0 [Note] InnoDB: Waiting for purge to start
2020-02-05 18:22:52 0 [Note] InnoDB: Waiting for purge to start
2020-02-05 18:22:52 0 [Note] InnoDB: Waiting for purge to start
2020-02-05 18:22:52 0 [Note] InnoDB: Waiting for purge to start
2020-02-05 18:22:52 0 [Note] InnoDB: Waiting for purge to start
2020-02-05 18:22:52 0 [Note] InnoDB: Waiting for purge to start
2020-02-05 18:22:52 0 [Note] InnoDB: Waiting for purge to start
2020-02-05 18:22:52 0 [Note] InnoDB: Waiting for purge to start
2020-02-05 18:22:52 0 [Note] InnoDB: 10.4.11 started; log sequence number 328434; transaction id 385
2020-02-05 18:22:52 0 [Note] InnoDB: Loading buffer pool(s) from C:\xampp\mysql\data\ib_buffer_pool
2020-02-05 18:22:52 0 [Note] Plugin 'FEEDBACK' is disabled.
2020-02-05 18:22:58 0 [Note] Server socket created on IP: '::'.
2020-02-05 18:22:58 0 [Note] InnoDB: Buffer pool(s) load completed at 200205 18:22:58
2020-02-05 18:23:07 0 [Note] Reading of all Master_info entries succeeded
2020-02-05 18:23:07 0 [Note] Added new Master_info '' to hash table
2020-02-05 18:23:07 0 [Note] C:\xampp\mysql\bin\mysqld.exe: ready for connections.
Version: '10.4.11-MariaDB'  socket: ''  port: 3306  mariadb.org binary distribution
2020-02-06 23:29:16 0 [Note] C:\xampp\mysql\bin\mysqld.exe (initiated by: unknown): Normal shutdown
2020-02-06 23:29:19 0 [Note] Event Scheduler: Purging the queue. 0 events
2020-02-06 23:29:21 0 [Note] InnoDB: FTS optimize thread exiting.
2020-02-06 23:29:33 0 [Note] InnoDB: Starting shutdown...
2020-02-06 23:29:33 0 [Note] InnoDB: Dumping buffer pool(s) to C:\xampp\mysql\data\ib_buffer_pool
2020-02-06 23:29:33 0 [Note] InnoDB: Instance 0, restricted to 250 pages due to innodb_buf_pool_dump_pct=25
2020-02-06 23:29:34 0 [Note] InnoDB: Buffer pool(s) dump completed at 200206 23:29:34
2020-02-06 23:29:35 0 [Note] InnoDB: Shutdown completed; log sequence number 328443; transaction id 386
2020-02-06 23:29:35 0 [Note] InnoDB: Removed temporary tablespace data file: "ibtmp1"
2020-02-06 23:29:36 0 [Note] C:\xampp\mysql\bin\mysqld.exe: Shutdown complete

InnoDB: using atomic writes.
2020-02-06 23:32:00 0 [Note] InnoDB: Mutexes and rw_locks use Windows interlocked functions
2020-02-06 23:32:00 0 [Note] InnoDB: Uses event mutexes
2020-02-06 23:32:00 0 [Note] InnoDB: Compressed tables use zlib 1.2.11
2020-02-06 23:32:01 0 [Note] InnoDB: Number of pools: 1
2020-02-06 23:32:01 0 [Note] InnoDB: Using SSE2 crc32 instructions
2020-02-06 23:32:02 0 [Note] InnoDB: Initializing buffer pool, total size = 16M, instances = 1, chunk size = 16M
2020-02-06 23:32:02 0 [Note] InnoDB: Completed initialization of buffer pool
2020-02-06 23:32:14 0 [Note] InnoDB: 128 out of 128 rollback segments are active.
2020-02-06 23:32:15 0 [Note] InnoDB: Creating shared tablespace for temporary tables
2020-02-06 23:32:15 0 [Note] InnoDB: Setting file 'C:\xampp\mysql\data\ibtmp1' size to 12 MB. Physically writing the file full; Please wait ...
2020-02-06 23:32:15 0 [Note] InnoDB: File 'C:\xampp\mysql\data\ibtmp1' size is now 12 MB.
2020-02-06 23:32:15 0 [Note] InnoDB: Waiting for purge to start
2020-02-06 23:32:15 0 [Note] InnoDB: Waiting for purge to start
2020-02-06 23:32:15 0 [Note] InnoDB: Waiting for purge to start
2020-02-06 23:32:15 0 [Note] InnoDB: Waiting for purge to start
2020-02-06 23:32:15 0 [Note] InnoDB: Waiting for purge to start
2020-02-06 23:32:15 0 [Note] InnoDB: Waiting for purge to start
2020-02-06 23:32:15 0 [Note] InnoDB: Waiting for purge to start
2020-02-06 23:32:15 0 [Note] InnoDB: Waiting for purge to start
2020-02-06 23:32:15 0 [Note] InnoDB: 10.4.11 started; log sequence number 328443; transaction id 385
2020-02-06 23:32:15 0 [Note] Plugin 'FEEDBACK' is disabled.
2020-02-06 23:32:16 0 [Note] InnoDB: Loading buffer pool(s) from C:\xampp\mysql\data\ib_buffer_pool
2020-02-06 23:32:19 0 [Note] InnoDB: Buffer pool(s) load completed at 200206 23:32:19
2020-02-06 23:32:20 0 [Note] Server socket created on IP: '::'.
2020-02-06 23:32:28 0 [Note] Reading of all Master_info entries succeeded
2020-02-06 23:32:28 0 [Note] Added new Master_info '' to hash table
2020-02-06 23:32:28 0 [Note] C:\xampp\mysql\bin\mysqld.exe: ready for connections.
Version: '10.4.11-MariaDB'  socket: ''  port: 3306  mariadb.org binary distribution
2020-02-13 18:42:12 0 [Note] C:\xampp\mysql\bin\mysqld.exe (initiated by: unknown): Normal shutdown
2020-02-13 18:42:14 0 [Note] Event Scheduler: Purging the queue. 0 events
2020-02-13 18:42:16 0 [Note] InnoDB: FTS optimize thread exiting.
2020-02-13 18:42:32 0 [Note] InnoDB: Starting shutdown...
2020-02-13 18:42:32 0 [Note] InnoDB: Dumping buffer pool(s) to C:\xampp\mysql\data\ib_buffer_pool
2020-02-13 18:42:32 0 [Note] InnoDB: Instance 0, restricted to 250 pages due to innodb_buf_pool_dump_pct=25
2020-02-13 18:42:32 0 [Note] InnoDB: Buffer pool(s) dump completed at 200213 18:42:32
2020-02-13 18:42:33 0 [Note] InnoDB: Shutdown completed; log sequence number 328452; transaction id 386
2020-02-13 18:42:33 0 [Note] InnoDB: Removed temporary tablespace data file: "ibtmp1"
2020-02-13 18:42:34 0 [Note] C:\xampp\mysql\bin\mysqld.exe: Shutdown complete

InnoDB: using atomic writes.
2020-02-13 18:46:02 0 [Note] InnoDB: Mutexes and rw_locks use Windows interlocked functions
2020-02-13 18:46:02 0 [Note] InnoDB: Uses event mutexes
2020-02-13 18:46:02 0 [Note] InnoDB: Compressed tables use zlib 1.2.11
2020-02-13 18:46:03 0 [Note] InnoDB: Number of pools: 1
2020-02-13 18:46:04 0 [Note] InnoDB: Using SSE2 crc32 instructions
2020-02-13 18:46:04 0 [Note] InnoDB: Initializing buffer pool, total size = 16M, instances = 1, chunk size = 16M
2020-02-13 18:46:04 0 [Note] InnoDB: Completed initialization of buffer pool
2020-02-13 18:46:11 0 [Note] InnoDB: 128 out of 128 rollback segments are active.
2020-02-13 18:46:11 0 [Note] InnoDB: Creating shared tablespace for temporary tables
2020-02-13 18:46:11 0 [Note] InnoDB: Setting file 'C:\xampp\mysql\data\ibtmp1' size to 12 MB. Physically writing the file full; Please wait ...
2020-02-13 18:46:11 0 [Note] InnoDB: File 'C:\xampp\mysql\data\ibtmp1' size is now 12 MB.
2020-02-13 18:46:11 0 [Note] InnoDB: Waiting for purge to start
2020-02-13 18:46:11 0 [Note] InnoDB: Waiting for purge to start
2020-02-13 18:46:11 0 [Note] InnoDB: 10.4.11 started; log sequence number 328452; transaction id 385
2020-02-13 18:46:11 0 [Note] Plugin 'FEEDBACK' is disabled.
2020-02-13 18:46:11 0 [Note] InnoDB: Loading buffer pool(s) from C:\xampp\mysql\data\ib_buffer_pool
2020-02-13 18:46:13 0 [Note] InnoDB: Buffer pool(s) load completed at 200213 18:46:13
2020-02-13 18:46:15 0 [Note] Server socket created on IP: '::'.
2020-02-13 18:46:25 0 [Note] Reading of all Master_info entries succeeded
2020-02-13 18:46:25 0 [Note] Added new Master_info '' to hash table
2020-02-13 18:46:25 0 [Note] C:\xampp\mysql\bin\mysqld.exe: ready for connections.
Version: '10.4.11-MariaDB'  socket: ''  port: 3306  mariadb.org binary distribution
